# JRE version: OpenJDK Runtime Environment (8.0_242-b01) (build 1.8.0_242-release-1644-b01)
# Java VM: OpenJDK 64-Bit Server VM (25.242-b01 mixed mode windows-amd64 compressed oops)
Heap:
 PSYoungGen      total 618496K, used 379434K [0x00000000d5580000, 0x0000000100000000, 0x0000000100000000)
  eden space 536576K, 70% used [0x00000000d5580000,0x00000000ec80aae8,0x00000000f6180000)
  from space 81920K, 0% used [0x00000000fb000000,0x00000000fb000000,0x0000000100000000)
  to   space 80384K, 0% used [0x00000000f6180000,0x00000000f6180000,0x00000000fb000000)
 ParOldGen       total 245248K, used 241688K [0x0000000080000000, 0x000000008ef80000, 0x00000000d5580000)
  object space 245248K, 98% used [0x0000000080000000,0x000000008ec06290,0x000000008ef80000)
 Metaspace       used 186600K, capacity 198294K, committed 199896K, reserved 1222656K
  class space    used 23741K, capacity 26016K, committed 26368K, reserved 1048576K
GC Heap History (10 events):
Event: 8382.028 GC heap before
{Heap before GC invocations=66 (full 6):
 PSYoungGen      total 592384K, used 561958K [0x00000000d5580000, 0x0000000100000000, 0x0000000100000000)
  eden space 529408K, 100% used [0x00000000d5580000,0x00000000f5a80000,0x00000000f5a80000)
  from space 62976K, 51% used [0x00000000f5a80000,0x00000000f7a49a58,0x00000000f9800000)
  to   space 62464K, 0% used [0x00000000fc300000,0x00000000fc300000,0x0000000100000000)
 ParOldGen       total 245248K, used 134241K [0x0000000080000000, 0x000000008ef80000, 0x00000000d5580000)
  object space 245248K, 54% used [0x0000000080000000,0x00000000883187c0,0x000000008ef80000)
 Metaspace       used 161070K, capacity 170646K, committed 170968K, reserved 1198080K
  class space    used 20470K, capacity 22417K, committed 22528K, reserved 1048576K
Event: 8386.645 GC heap after
Heap after GC invocations=66 (full 6):
 PSYoungGen      total 607744K, used 62446K [0x00000000d5580000, 0x0000000100000000, 0x0000000100000000)
  eden space 545280K, 0% used [0x00000000d5580000,0x00000000d5580000,0x00000000f6a00000)
  from space 62464K, 99% used [0x00000000fc300000,0x00000000ffffb838,0x0000000100000000)
  to   space 76800K, 0% used [0x00000000f6a00000,0x00000000f6a00000,0x00000000fb500000)
 ParOldGen       total 245248K, used 143696K [0x0000000080000000, 0x000000008ef80000, 0x00000000d5580000)
  object space 245248K, 58% used [0x0000000080000000,0x0000000088c54058,0x000000008ef80000)
 Metaspace       used 161070K, capacity 170646K, committed 170968K, reserved 1198080K
  class space    used 20470K, capacity 22417K, committed 22528K, reserved 1048576K
}
Event: 8507.586 GC heap before
{Heap before GC invocations=67 (full 6):
 PSYoungGen      total 607744K, used 607726K [0x00000000d5580000, 0x0000000100000000, 0x0000000100000000)
  eden space 545280K, 100% used [0x00000000d5580000,0x00000000f6a00000,0x00000000f6a00000)
  from space 62464K, 99% used [0x00000000fc300000,0x00000000ffffb838,0x0000000100000000)
  to   space 76800K, 0% used [0x00000000f6a00000,0x00000000f6a00000,0x00000000fb500000)
 ParOldGen       total 245248K, used 143696K [0x0000000080000000, 0x000000008ef80000, 0x00000000d5580000)
  object space 245248K, 58% used [0x0000000080000000,0x0000000088c54058,0x000000008ef80000)
 Metaspace       used 175732K, capacity 186726K, committed 186968K, reserved 1212416K
  class space    used 22416K, capacity 24595K, committed 24704K, reserved 1048576K
Event: 8511.627 GC heap after
Heap after GC invocations=67 (full 6):
 PSYoungGen      total 601600K, used 56308K [0x00000000d5580000, 0x0000000100000000, 0x0000000100000000)
  eden space 545280K, 0% used [0x00000000d5580000,0x00000000d5580000,0x00000000f6a00000)
  from space 56320K, 99% used [0x00000000f6a00000,0x00000000fa0fd190,0x00000000fa100000)
  to   space 81920K, 0% used [0x00000000fb000000,0x00000000fb000000,0x0000000100000000)
 ParOldGen       total 245248K, used 201461K [0x0000000080000000, 0x000000008ef80000, 0x00000000d5580000)
  object space 245248K, 82% used [0x0000000080000000,0x000000008c4bd460,0x000000008ef80000)
 Metaspace       used 175732K, capacity 186726K, committed 186968K, reserved 1212416K
  class space    used 22416K, capacity 24595K, committed 24704K, reserved 1048576K
}
Event: 8555.465 GC heap before
{Heap before GC invocations=68 (full 6):
 PSYoungGen      total 601600K, used 601588K [0x00000000d5580000, 0x0000000100000000, 0x0000000100000000)
  eden space 545280K, 100% used [0x00000000d5580000,0x00000000f6a00000,0x00000000f6a00000)
  from space 56320K, 99% used [0x00000000f6a00000,0x00000000fa0fd190,0x00000000fa100000)
  to   space 81920K, 0% used [0x00000000fb000000,0x00000000fb000000,0x0000000100000000)
 ParOldGen       total 245248K, used 201461K [0x0000000080000000, 0x000000008ef80000, 0x00000000d5580000)
  object space 245248K, 82% used [0x0000000080000000,0x000000008c4bd530,0x000000008ef80000)
 Metaspace       used 177624K, capacity 188664K, committed 188888K, reserved 1214464K
  class space    used 22633K, capacity 24821K, committed 24832K, reserved 1048576K
Event: 8557.959 GC heap after
Heap after GC invocations=68 (full 6):
 PSYoungGen      total 618496K, used 11746K [0x00000000d5580000, 0x0000000100000000, 0x0000000100000000)
  eden space 536576K, 0% used [0x00000000d5580000,0x00000000d5580000,0x00000000f6180000)
  from space 81920K, 14% used [0x00000000fb000000,0x00000000fbb78958,0x0000000100000000)
  to   space 80384K, 0% used [0x00000000f6180000,0x00000000f6180000,0x00000000fb000000)
 ParOldGen       total 245248K, used 244520K [0x0000000080000000, 0x000000008ef80000, 0x00000000d5580000)
  object space 245248K, 99% used [0x0000000080000000,0x000000008eeca200,0x000000008ef80000)
 Metaspace       used 177624K, capacity 188664K, committed 188888K, reserved 1214464K
  class space    used 22633K, capacity 24821K, committed 24832K, reserved 1048576K
}
Event: 8558.024 GC heap before
{Heap before GC invocations=69 (full 7):
 PSYoungGen      total 618496K, used 11746K [0x00000000d5580000, 0x0000000100000000, 0x0000000100000000)
  eden space 536576K, 0% used [0x00000000d5580000,0x00000000d5580000,0x00000000f6180000)
  from space 81920K, 14% used [0x00000000fb000000,0x00000000fbb78958,0x0000000100000000)
  to   space 80384K, 0% used [0x00000000f6180000,0x00000000f6180000,0x00000000fb000000)
 ParOldGen       total 245248K, used 244520K [0x0000000080000000, 0x000000008ef80000, 0x00000000d5580000)
  object space 245248K, 99% used [0x0000000080000000,0x000000008eeca200,0x000000008ef80000)
 Metaspace       used 177624K, capacity 188664K, committed 188888K, reserved 1214464K
  class space    used 22633K, capacity 24821K, committed 24832K, reserved 1048576K
Event: 8573.764 GC heap after
Heap after GC invocations=69 (full 7):
 PSYoungGen      total 618496K, used 0K [0x00000000d5580000, 0x0000000100000000, 0x0000000100000000)
  eden space 536576K, 0% used [0x00000000d5580000,0x00000000d5580000,0x00000000f6180000)
  from space 81920K, 0% used [0x00000000fb000000,0x00000000fb000000,0x0000000100000000)
  to   space 80384K, 0% used [0x00000000f6180000,0x00000000f6180000,0x00000000fb000000)
 ParOldGen       total 245248K, used 207921K [0x0000000080000000, 0x000000008ef80000, 0x00000000d5580000)
  object space 245248K, 84% used [0x0000000080000000,0x000000008cb0c558,0x000000008ef80000)
 Metaspace       used 177340K, capacity 188144K, committed 188888K, reserved 1214464K
  class space    used 22581K, capacity 24709K, committed 24832K, reserved 1048576K
}
Event: 8608.954 GC heap before
{Heap before GC invocations=70 (full 8):
 PSYoungGen      total 618496K, used 536576K [0x00000000d5580000, 0x0000000100000000, 0x0000000100000000)
  eden space 536576K, 100% used [0x00000000d5580000,0x00000000f6180000,0x00000000f6180000)
  from space 81920K, 0% used [0x00000000fb000000,0x00000000fb000000,0x0000000100000000)
  to   space 80384K, 0% used [0x00000000f6180000,0x00000000f6180000,0x00000000fb000000)
 ParOldGen       total 245248K, used 207924K [0x0000000080000000, 0x000000008ef80000, 0x00000000d5580000)
  object space 245248K, 84% used [0x0000000080000000,0x000000008cb0d1d0,0x000000008ef80000)
 Metaspace       used 186474K, capacity 199250K, committed 199384K, reserved 1222656K
  class space    used 23909K, capacity 26344K, committed 26368K, reserved 1048576K
Event: 8610.639 GC heap after
Heap after GC invocations=70 (full 8):
 PSYoungGen      total 618496K, used 0K [0x00000000d5580000, 0x0000000100000000, 0x0000000100000000)
  eden space 536576K, 0% used [0x00000000d5580000,0x00000000d5580000,0x00000000f6180000)
  from space 81920K, 0% used [0x00000000fb000000,0x00000000fb000000,0x0000000100000000)
  to   space 80384K, 0% used [0x00000000f6180000,0x00000000f6180000,0x00000000fb000000)
 ParOldGen       total 245248K, used 241688K [0x0000000080000000, 0x000000008ef80000, 0x00000000d5580000)
  object space 245248K, 98% used [0x0000000080000000,0x000000008ec06290,0x000000008ef80000)
 Metaspace       used 185848K, capacity 197488K, committed 199384K, reserved 1222656K
  class space    used 23703K, capacity 25973K, committed 26368K, reserved 1048576K
}

